<?xml version="1.0" encoding="UTF-8"?>
<!-- Generated by org.testng.reporters.JUnitReportReporter -->
<testsuite hostname="LAPTOP-QU4F6D1S" failures="0" tests="2" name="com.qacart.todo.testcases.TodoTest" time="59.416" errors="0" timestamp="2022-11-11T19:51:44 MEZ" skipped="0">
  <testcase classname="com.qacart.todo.testcases.TodoTest" name="shouldBeAbleToAddNewTodo" time="28.883"/>
  <system-out/>
  <testcase classname="com.qacart.todo.testcases.TodoTest" name="shouldBeAbleToDeleteTodo" time="30.533"/>
  <system-out/>
</testsuite> <!-- com.qacart.todo.testcases.TodoTest -->
