<?xml version="1.0" encoding="UTF-8"?>
<!-- Generated by org.testng.reporters.JUnitReportReporter -->
<testsuite hostname="LAPTOP-QU4F6D1S" failures="0" tests="1" name="com.qacart.todo.testcases.LoginTest" time="13.261" errors="0" timestamp="2022-11-11T19:51:44 MEZ" skipped="0">
  <testcase classname="com.qacart.todo.testcases.LoginTest" name="shouldBeAbleToLoginWithEmailAndPassword" time="13.261"/>
  <system-out/>
</testsuite> <!-- com.qacart.todo.testcases.LoginTest -->
